\BOOKMARK [1][-]{section.1}{\376\377\000G\000i\036\333\000i\000\040\000t\000h\000i\036\307\000u}{}% 1
\BOOKMARK [2][-]{subsection.1.1}{\376\377\001\020\036\267\000t\000\040\000v\036\245\000n\000\040\001\021\036\301}{section.1}% 2
\BOOKMARK [2][-]{subsection.1.2}{\376\377\000M\000\364\000\040\000t\036\243\000\040\000\375\000\040\000t\001\260\036\337\000n\000g}{section.1}% 3
\BOOKMARK [1][-]{section.2}{\376\377\000C\001\241\000\040\000s\036\337\000\040\000l\000\375\000\040\000t\000h\000u\000y\036\277\000t\000\040\000v\000\340\000\040\000c\000\364\000n\000g\000\040\000n\000g\000h\036\307}{}% 4
\BOOKMARK [2][-]{subsection.2.1}{\376\377\000C\000\364\000n\000g\000\040\000n\000g\000h\036\307\000\040\000L\000\365\000i\000\040\000v\000\340\000\040\000B\000a\000c\000k\000e\000n\000d\000\040}{section.2}% 5
\BOOKMARK [2][-]{subsection.2.2}{\376\377\000C\000\364\000n\000g\000\040\000n\000g\000h\036\307\000\040\000F\000r\000o\000n\000t\000e\000n\000d}{section.2}% 6
\BOOKMARK [2][-]{subsection.2.3}{\376\377\000N\036\301\000n\000\040\000t\036\243\000n\000g\000\040\000C\000l\000o\000u\000d\000:\000\040\000A\000m\000a\000z\000o\000n\000\040\000W\000e\000b\000\040\000S\000e\000r\000v\000i\000c\000e\000s\000\040\000\050\000A\000W\000S\000\051}{section.2}% 7
\BOOKMARK [2][-]{subsection.2.4}{\376\377\000D\000o\000c\000k\000e\000r\000\040\000v\000\340\000\040\000A\000m\000a\000z\000o\000n\000\040\000E\000l\000a\000s\000t\000i\000c\000\040\000C\000o\000n\000t\000a\000i\000n\000e\000r\000\040\000S\000e\000r\000v\000i\000c\000e\000\040\000\050\000E\000C\000S\000\051}{section.2}% 8
\BOOKMARK [2][-]{subsection.2.5}{\376\377\000S\000p\000r\000i\000n\000g\000\040\000C\000l\000o\000u\000d\000\040\000G\000a\000t\000e\000w\000a\000y}{section.2}% 9
\BOOKMARK [2][-]{subsection.2.6}{\376\377\000S\000p\000r\000i\000n\000g\000\040\000C\000l\000o\000u\000d\000\040\000D\000i\000s\000c\000o\000v\000e\000r\000y\000\040\000v\000\340\000\040\000E\000u\000r\000e\000k\000a}{section.2}% 10
\BOOKMARK [3][-]{subsubsection.2.6.1}{\376\377\000E\000u\000r\000e\000k\000a\000\040\000S\000e\000r\000v\000e\000r\000\040\040\023\000\040\000S\000e\000r\000v\000i\000c\000e\000\040\000R\000e\000g\000i\000s\000t\000r\000y}{subsection.2.6}% 11
\BOOKMARK [3][-]{subsubsection.2.6.2}{\376\377\000E\000u\000r\000e\000k\000a\000\040\000C\000l\000i\000e\000n\000t\000\040\040\023\000\040\000S\000e\000r\000v\000i\000c\000e\000\040\000D\000i\000s\000c\000o\000v\000e\000r\000y}{subsection.2.6}% 12
\BOOKMARK [2][-]{subsection.2.7}{\376\377\000G\000i\000a\000o\000\040\000t\000i\036\277\000p\000\040\000g\000i\036\357\000a\000\040\000c\000\341\000c\000\040\000S\000e\000r\000v\000i\000c\000e\000:\000\040\000R\000E\000S\000T\000\040\000A\000P\000I\000\040\000t\000r\000\352\000n\000\040\000m\036\241\000n\000g\000\040\000n\036\331\000i\000\040\000b\036\331\000\040\000E\000C\000S}{section.2}% 13
\BOOKMARK [2][-]{subsection.2.8}{\376\377\000A\000W\000S\000\040\000A\000m\000p\000l\000i\000f\000y}{section.2}% 14
\BOOKMARK [1][-]{section.3}{\376\377\000Y\000\352\000u\000\040\000c\036\247\000u\000\040\000v\036\301\000\040\000h\036\307\000\040\000t\000h\036\321\000n\000g}{}% 15
\BOOKMARK [2][-]{subsection.3.1}{\376\377\000X\000\341\000c\000\040\001\021\036\313\000n\000h\000\040\000n\000g\001\260\036\335\000i\000\040\000d\000\371\000n\000g}{section.3}% 16
\BOOKMARK [2][-]{subsection.3.2}{\376\377\000Y\000\352\000u\000\040\000c\036\247\000u\000\040\000c\000h\036\351\000c\000\040\000n\001\003\000n\000g}{section.3}% 17
\BOOKMARK [2][-]{subsection.3.3}{\376\377\000Y\000\352\000u\000\040\000c\036\247\000u\000\040\000p\000h\000i\000\040\000c\000h\036\351\000c\000\040\000n\001\003\000n\000g}{section.3}% 18
\BOOKMARK [1][-]{section.4}{\376\377\001\020\036\267\000c\000\040\000t\036\243\000\040\000c\000h\000i\000\040\000t\000i\036\277\000t\000\040\000c\000\341\000c\000\040\000u\000s\000e\000-\000c\000a\000s\000e}{}% 19
\BOOKMARK [2][-]{subsection.4.1}{\376\377\000Q\000u\036\243\000n\000\040\000l\000\375\000\040\000h\036\307\000\040\000t\000h\036\321\000n\000g}{section.4}% 20
\BOOKMARK [3][-]{subsubsection.4.1.1}{\376\377\000T\036\325\000n\000g\000\040\000q\000u\000a\000n}{subsection.4.1}% 21
\BOOKMARK [3][-]{subsubsection.4.1.2}{\376\377\001\020\036\267\000c\000\040\000t\036\243\000\040\000c\000h\000i\000\040\000t\000i\036\277\000t}{subsection.4.1}% 22
\BOOKMARK [2][-]{subsection.4.2}{\376\377\000Q\000u\036\243\000n\000\040\000l\000\375\000\040\000t\000\340\000i\000\040\000k\000h\000o\036\243\000n}{section.4}% 23
\BOOKMARK [3][-]{subsubsection.4.2.1}{\376\377\000T\036\325\000n\000g\000\040\000q\000u\000a\000n}{subsection.4.2}% 24
\BOOKMARK [3][-]{subsubsection.4.2.2}{\376\377\001\020\036\267\000c\000\040\000t\036\243\000\040\000c\000h\000i\000\040\000t\000i\036\277\000t}{subsection.4.2}% 25
\BOOKMARK [2][-]{subsection.4.3}{\376\377\000Q\000u\036\243\000n\000\040\000l\000\375\000\040\000q\000u\000y\036\301\000n\000\040\000t\000r\000u\000y\000\040\000c\036\255\000p}{section.4}% 26
\BOOKMARK [3][-]{subsubsection.4.3.1}{\376\377\000T\036\325\000n\000g\000\040\000q\000u\000a\000n}{subsection.4.3}% 27
\BOOKMARK [3][-]{subsubsection.4.3.2}{\376\377\001\020\036\267\000c\000\040\000t\036\243\000\040\000c\000h\000i\000\040\000t\000i\036\277\000t}{subsection.4.3}% 28
\BOOKMARK [2][-]{subsection.4.4}{\376\377\000Q\000u\036\243\000n\000\040\000l\000\375\000\040\000k\000h\000\363\000a\000\040\000h\036\315\000c}{section.4}% 29
\BOOKMARK [3][-]{subsubsection.4.4.1}{\376\377\000T\036\325\000n\000g\000\040\000q\000u\000a\000n}{subsection.4.4}% 30
\BOOKMARK [3][-]{subsubsection.4.4.2}{\376\377\001\020\036\267\000c\000\040\000t\036\243\000\040\000c\000h\000i\000\040\000t\000i\036\277\000t}{subsection.4.4}% 31
\BOOKMARK [1][-]{section.5}{\376\377\000P\000h\000\342\000n\000\040\000t\000\355\000c\000h\000\040\000\046\000\040\000T\000h\000i\036\277\000t\000\040\000k\036\277\000\040\000h\036\307\000\040\000t\000h\036\321\000n\000g}{}% 32
\BOOKMARK [2][-]{subsection.5.1}{\376\377\000E\000n\000t\000i\000t\000y\000\040\000R\000e\000l\000a\000t\000i\000o\000n\000s\000h\000i\000p\000\040\000D\000i\000a\000g\000r\000a\000m\000\040\000\050\000E\000R\000D\000\051}{section.5}% 33
\BOOKMARK [2][-]{subsection.5.2}{\376\377\000K\000i\036\277\000n\000\040\000t\000r\000\372\000c\000\040\000h\036\307\000\040\000t\000h\036\321\000n\000g}{section.5}% 34
\BOOKMARK [1][-]{section.6}{\376\377\000H\000i\036\307\000n\000\040\000t\000h\036\361\000c}{}% 35
\BOOKMARK [1][-]{section.7}{\376\377\000T\000r\000i\036\303\000n\000\040\000k\000h\000a\000i}{}% 36
\BOOKMARK [1][-]{section.8}{\376\377\000T\036\325\000n\000g\000\040\000k\036\277\000t}{}% 37
\BOOKMARK [2][-]{subsection.8.1}{\376\377\000N\000h\036\255\000n\000\040\000x\000\351\000t}{section.8}% 38
\BOOKMARK [2][-]{subsection.8.2}{\376\377\000H\001\260\036\333\000n\000g\000\040\000p\000h\000\341\000t\000\040\000t\000r\000i\036\303\000n}{section.8}% 39
\BOOKMARK [1][-]{section.9}{\376\377\000T\000\340\000i\000\040\000l\000i\036\307\000u\000\040\000t\000h\000a\000m\000\040\000k\000h\036\243\000o}{}% 40
\BOOKMARK [1][-]{section.10}{\376\377\000P\000h\036\345\000\040\000l\036\345\000c}{}% 41
