[INFO] Scanning for projects...
[INFO] 
[INFO] -----------------------< com.its:eureka-server >------------------------
[INFO] Building Eureka Service Registry 1.0.0
[INFO]   from pom.xml
[INFO] --------------------------------[ jar ]---------------------------------
[INFO] 
[INFO] >>> spring-boot:3.2.0:run (default-cli) > test-compile @ eureka-server >>>
[INFO] 
[INFO] --- resources:3.3.1:resources (default-resources) @ eureka-server ---
[INFO] Copying 1 resource from src/main/resources to target/classes
[INFO] Copying 0 resource from src/main/resources to target/classes
[INFO] 
[INFO] --- compiler:3.11.0:compile (default-compile) @ eureka-server ---
[INFO] Nothing to compile - all classes are up to date
[INFO] 
[INFO] --- resources:3.3.1:testResources (default-testResources) @ eureka-server ---
[INFO] skip non existing resourceDirectory /Users/doanngochoangson/KTPM_HK251/BE/eureka-server/src/test/resources
[INFO] 
[INFO] --- compiler:3.11.0:testCompile (default-testCompile) @ eureka-server ---
[INFO] No sources to compile
[INFO] 
[INFO] <<< spring-boot:3.2.0:run (default-cli) < test-compile @ eureka-server <<<
[INFO] 
[INFO] 
[INFO] --- spring-boot:3.2.0:run (default-cli) @ eureka-server ---
[INFO] Attaching agents: []

  .   ____          _            __ _ _
 /\\ / ___'_ __ _ _(_)_ __  __ _ \ \ \ \
( ( )\___ | '_ | '_| | '_ \/ _` | \ \ \ \
 \\/  ___)| |_)| | | | | || (_| |  ) ) ) )
  '  |____| .__|_| |_|_| |_\__, | / / / /
 =========|_|==============|___/=/_/_/_/
[32m :: Spring Boot :: [39m              [2m (v3.2.0)[0;39m

[2m2025-11-24T00:13:50.811+07:00[0;39m [32m INFO[0;39m [35m24330[0;39m [2m---[0;39m [2m[eureka-server] [           main][0;39m [2m[0;39m[36mcom.its.eureka.EurekaServerApplication  [0;39m [2m:[0;39m Starting EurekaServerApplication using Java 23.0.2 with PID 24330 (/Users/doanngochoangson/KTPM_HK251/BE/eureka-server/target/classes started by doanngochoangson in /Users/doanngochoangson/KTPM_HK251/BE/eureka-server)
[2m2025-11-24T00:13:50.812+07:00[0;39m [32m INFO[0;39m [35m24330[0;39m [2m---[0;39m [2m[eureka-server] [           main][0;39m [2m[0;39m[36mcom.its.eureka.EurekaServerApplication  [0;39m [2m:[0;39m No active profile set, falling back to 1 default profile: "default"
[2m2025-11-24T00:13:51.166+07:00[0;39m [32m INFO[0;39m [35m24330[0;39m [2m---[0;39m [2m[eureka-server] [           main][0;39m [2m[0;39m[36mo.s.cloud.context.scope.GenericScope    [0;39m [2m:[0;39m BeanFactory id=3c6cec19-5fde-3e8a-b74b-69a4eb4ac9bf
[2m2025-11-24T00:13:51.186+07:00[0;39m [33m WARN[0;39m [35m24330[0;39m [2m---[0;39m [2m[eureka-server] [           main][0;39m [2m[0;39m[36mtrationDelegate$BeanPostProcessorChecker[0;39m [2m:[0;39m Bean 'org.springframework.cloud.client.loadbalancer.LoadBalancerAutoConfiguration$LoadBalancerInterceptorConfig' of type [org.springframework.cloud.client.loadbalancer.LoadBalancerAutoConfiguration$LoadBalancerInterceptorConfig] is not eligible for getting processed by all BeanPostProcessors (for example: not eligible for auto-proxying). The currently created BeanPostProcessor [lbRestClientPostProcessor] is declared through a non-static factory method on that class; consider declaring it as static instead.
[2m2025-11-24T00:13:51.188+07:00[0;39m [33m WARN[0;39m [35m24330[0;39m [2m---[0;39m [2m[eureka-server] [           main][0;39m [2m[0;39m[36mtrationDelegate$BeanPostProcessorChecker[0;39m [2m:[0;39m Bean 'org.springframework.cloud.loadbalancer.config.BlockingLoadBalancerClientAutoConfiguration' of type [org.springframework.cloud.loadbalancer.config.BlockingLoadBalancerClientAutoConfiguration] is not eligible for getting processed by all BeanPostProcessors (for example: not eligible for auto-proxying). Is this bean getting eagerly injected into a currently created BeanPostProcessor [lbRestClientPostProcessor]? Check the corresponding BeanPostProcessor declaration and its dependencies.
[2m2025-11-24T00:13:51.188+07:00[0;39m [33m WARN[0;39m [35m24330[0;39m [2m---[0;39m [2m[eureka-server] [           main][0;39m [2m[0;39m[36mtrationDelegate$BeanPostProcessorChecker[0;39m [2m:[0;39m Bean 'org.springframework.cloud.loadbalancer.config.LoadBalancerAutoConfiguration' of type [org.springframework.cloud.loadbalancer.config.LoadBalancerAutoConfiguration] is not eligible for getting processed by all BeanPostProcessors (for example: not eligible for auto-proxying). Is this bean getting eagerly injected into a currently created BeanPostProcessor [lbRestClientPostProcessor]? Check the corresponding BeanPostProcessor declaration and its dependencies.
[2m2025-11-24T00:13:51.191+07:00[0;39m [33m WARN[0;39m [35m24330[0;39m [2m---[0;39m [2m[eureka-server] [           main][0;39m [2m[0;39m[36mtrationDelegate$BeanPostProcessorChecker[0;39m [2m:[0;39m Bean 'org.springframework.cloud.commons.config.CommonsConfigAutoConfiguration' of type [org.springframework.cloud.commons.config.CommonsConfigAutoConfiguration] is not eligible for getting processed by all BeanPostProcessors (for example: not eligible for auto-proxying). Is this bean getting eagerly injected into a currently created BeanPostProcessor [lbRestClientPostProcessor]? Check the corresponding BeanPostProcessor declaration and its dependencies.
[2m2025-11-24T00:13:51.191+07:00[0;39m [33m WARN[0;39m [35m24330[0;39m [2m---[0;39m [2m[eureka-server] [           main][0;39m [2m[0;39m[36mtrationDelegate$BeanPostProcessorChecker[0;39m [2m:[0;39m Bean 'org.springframework.cloud.client.loadbalancer.LoadBalancerDefaultMappingsProviderAutoConfiguration' of type [org.springframework.cloud.client.loadbalancer.LoadBalancerDefaultMappingsProviderAutoConfiguration] is not eligible for getting processed by all BeanPostProcessors (for example: not eligible for auto-proxying). Is this bean getting eagerly injected into a currently created BeanPostProcessor [lbRestClientPostProcessor]? Check the corresponding BeanPostProcessor declaration and its dependencies.
[2m2025-11-24T00:13:51.191+07:00[0;39m [33m WARN[0;39m [35m24330[0;39m [2m---[0;39m [2m[eureka-server] [           main][0;39m [2m[0;39m[36mtrationDelegate$BeanPostProcessorChecker[0;39m [2m:[0;39m Bean 'loadBalancerClientsDefaultsMappingsProvider' of type [org.springframework.cloud.client.loadbalancer.LoadBalancerDefaultMappingsProviderAutoConfiguration$$Lambda/0x00001c000132f5e8] is not eligible for getting processed by all BeanPostProcessors (for example: not eligible for auto-proxying). Is this bean getting eagerly injected into a currently created BeanPostProcessor [lbRestClientPostProcessor]? Check the corresponding BeanPostProcessor declaration and its dependencies.
[2m2025-11-24T00:13:51.192+07:00[0;39m [33m WARN[0;39m [35m24330[0;39m [2m---[0;39m [2m[eureka-server] [           main][0;39m [2m[0;39m[36mtrationDelegate$BeanPostProcessorChecker[0;39m [2m:[0;39m Bean 'defaultsBindHandlerAdvisor' of type [org.springframework.cloud.commons.config.DefaultsBindHandlerAdvisor] is not eligible for getting processed by all BeanPostProcessors (for example: not eligible for auto-proxying). Is this bean getting eagerly injected into a currently created BeanPostProcessor [lbRestClientPostProcessor]? Check the corresponding BeanPostProcessor declaration and its dependencies.
[2m2025-11-24T00:13:51.194+07:00[0;39m [33m WARN[0;39m [35m24330[0;39m [2m---[0;39m [2m[eureka-server] [           main][0;39m [2m[0;39m[36mtrationDelegate$BeanPostProcessorChecker[0;39m [2m:[0;39m Bean 'spring.cloud.loadbalancer-org.springframework.cloud.client.loadbalancer.LoadBalancerClientsProperties' of type [org.springframework.cloud.client.loadbalancer.LoadBalancerClientsProperties] is not eligible for getting processed by all BeanPostProcessors (for example: not eligible for auto-proxying). Is this bean getting eagerly injected into a currently created BeanPostProcessor [lbRestClientPostProcessor]? Check the corresponding BeanPostProcessor declaration and its dependencies.
[2m2025-11-24T00:13:51.197+07:00[0;39m [33m WARN[0;39m [35m24330[0;39m [2m---[0;39m [2m[eureka-server] [           main][0;39m [2m[0;39m[36mtrationDelegate$BeanPostProcessorChecker[0;39m [2m:[0;39m Bean 'default.org.springframework.cloud.loadbalancer.config.LoadBalancerAutoConfiguration.LoadBalancerClientSpecification' of type [org.springframework.cloud.loadbalancer.annotation.LoadBalancerClientSpecification] is not eligible for getting processed by all BeanPostProcessors (for example: not eligible for auto-proxying). Is this bean getting eagerly injected into a currently created BeanPostProcessor [lbRestClientPostProcessor]? Check the corresponding BeanPostProcessor declaration and its dependencies.
[2m2025-11-24T00:13:51.197+07:00[0;39m [33m WARN[0;39m [35m24330[0;39m [2m---[0;39m [2m[eureka-server] [           main][0;39m [2m[0;39m[36mtrationDelegate$BeanPostProcessorChecker[0;39m [2m:[0;39m Bean 'default.org.springframework.cloud.loadbalancer.config.BlockingLoadBalancerClientAutoConfiguration.LoadBalancerClientSpecification' of type [org.springframework.cloud.loadbalancer.annotation.LoadBalancerClientSpecification] is not eligible for getting processed by all BeanPostProcessors (for example: not eligible for auto-proxying). Is this bean getting eagerly injected into a currently created BeanPostProcessor [lbRestClientPostProcessor]? Check the corresponding BeanPostProcessor declaration and its dependencies.
[2m2025-11-24T00:13:51.198+07:00[0;39m [33m WARN[0;39m [35m24330[0;39m [2m---[0;39m [2m[eureka-server] [           main][0;39m [2m[0;39m[36mtrationDelegate$BeanPostProcessorChecker[0;39m [2m:[0;39m Bean 'default.org.springframework.cloud.netflix.eureka.loadbalancer.LoadBalancerEurekaAutoConfiguration.LoadBalancerClientSpecification' of type [org.springframework.cloud.loadbalancer.annotation.LoadBalancerClientSpecification] is not eligible for getting processed by all BeanPostProcessors (for example: not eligible for auto-proxying). Is this bean getting eagerly injected into a currently created BeanPostProcessor [lbRestClientPostProcessor]? Check the corresponding BeanPostProcessor declaration and its dependencies.
[2m2025-11-24T00:13:51.198+07:00[0;39m [33m WARN[0;39m [35m24330[0;39m [2m---[0;39m [2m[eureka-server] [           main][0;39m [2m[0;39m[36mtrationDelegate$BeanPostProcessorChecker[0;39m [2m:[0;39m Bean 'loadBalancerClientFactory' of type [org.springframework.cloud.loadbalancer.support.LoadBalancerClientFactory] is not eligible for getting processed by all BeanPostProcessors (for example: not eligible for auto-proxying). Is this bean getting eagerly injected into a currently created BeanPostProcessor [lbRestClientPostProcessor]? Check the corresponding BeanPostProcessor declaration and its dependencies.
[2m2025-11-24T00:13:51.199+07:00[0;39m [33m WARN[0;39m [35m24330[0;39m [2m---[0;39m [2m[eureka-server] [           main][0;39m [2m[0;39m[36mtrationDelegate$BeanPostProcessorChecker[0;39m [2m:[0;39m Bean 'blockingLoadBalancerClient' of type [org.springframework.cloud.loadbalancer.blocking.client.BlockingLoadBalancerClient] is not eligible for getting processed by all BeanPostProcessors (for example: not eligible for auto-proxying). Is this bean getting eagerly injected into a currently created BeanPostProcessor [lbRestClientPostProcessor]? Check the corresponding BeanPostProcessor declaration and its dependencies.
[2m2025-11-24T00:13:51.202+07:00[0;39m [33m WARN[0;39m [35m24330[0;39m [2m---[0;39m [2m[eureka-server] [           main][0;39m [2m[0;39m[36mtrationDelegate$BeanPostProcessorChecker[0;39m [2m:[0;39m Bean 'loadBalancerServiceInstanceCookieTransformer' of type [org.springframework.cloud.loadbalancer.core.LoadBalancerServiceInstanceCookieTransformer] is not eligible for getting processed by all BeanPostProcessors (for example: not eligible for auto-proxying). Is this bean getting eagerly injected into a currently created BeanPostProcessor [lbRestClientPostProcessor]? Check the corresponding BeanPostProcessor declaration and its dependencies.
[2m2025-11-24T00:13:51.202+07:00[0;39m [33m WARN[0;39m [35m24330[0;39m [2m---[0;39m [2m[eureka-server] [           main][0;39m [2m[0;39m[36mtrationDelegate$BeanPostProcessorChecker[0;39m [2m:[0;39m Bean 'xForwarderHeadersTransformer' of type [org.springframework.cloud.loadbalancer.blocking.XForwardedHeadersTransformer] is not eligible for getting processed by all BeanPostProcessors (for example: not eligible for auto-proxying). Is this bean getting eagerly injected into a currently created BeanPostProcessor [lbRestClientPostProcessor]? Check the corresponding BeanPostProcessor declaration and its dependencies.
[2m2025-11-24T00:13:51.203+07:00[0;39m [33m WARN[0;39m [35m24330[0;39m [2m---[0;39m [2m[eureka-server] [           main][0;39m [2m[0;39m[36mtrationDelegate$BeanPostProcessorChecker[0;39m [2m:[0;39m Bean 'org.springframework.cloud.client.loadbalancer.LoadBalancerAutoConfiguration' of type [org.springframework.cloud.client.loadbalancer.LoadBalancerAutoConfiguration] is not eligible for getting processed by all BeanPostProcessors (for example: not eligible for auto-proxying). Is this bean getting eagerly injected into a currently created BeanPostProcessor [lbRestClientPostProcessor]? Check the corresponding BeanPostProcessor declaration and its dependencies.
[2m2025-11-24T00:13:51.203+07:00[0;39m [33m WARN[0;39m [35m24330[0;39m [2m---[0;39m [2m[eureka-server] [           main][0;39m [2m[0;39m[36mtrationDelegate$BeanPostProcessorChecker[0;39m [2m:[0;39m Bean 'loadBalancerRequestFactory' of type [org.springframework.cloud.client.loadbalancer.LoadBalancerRequestFactory] is not eligible for getting processed by all BeanPostProcessors (for example: not eligible for auto-proxying). Is this bean getting eagerly injected into a currently created BeanPostProcessor [lbRestClientPostProcessor]? Check the corresponding BeanPostProcessor declaration and its dependencies.
[2m2025-11-24T00:13:51.204+07:00[0;39m [33m WARN[0;39m [35m24330[0;39m [2m---[0;39m [2m[eureka-server] [           main][0;39m [2m[0;39m[36mtrationDelegate$BeanPostProcessorChecker[0;39m [2m:[0;39m Bean 'loadBalancerInterceptor' of type [org.springframework.cloud.client.loadbalancer.LoadBalancerInterceptor] is not eligible for getting processed by all BeanPostProcessors (for example: not eligible for auto-proxying). Is this bean getting eagerly injected into a currently created BeanPostProcessor [lbRestClientPostProcessor]? Check the corresponding BeanPostProcessor declaration and its dependencies.
[2m2025-11-24T00:13:51.285+07:00[0;39m [32m INFO[0;39m [35m24330[0;39m [2m---[0;39m [2m[eureka-server] [           main][0;39m [2m[0;39m[36mo.s.b.w.embedded.tomcat.TomcatWebServer [0;39m [2m:[0;39m Tomcat initialized with port 8761 (http)
[2m2025-11-24T00:13:51.288+07:00[0;39m [32m INFO[0;39m [35m24330[0;39m [2m---[0;39m [2m[eureka-server] [           main][0;39m [2m[0;39m[36mo.apache.catalina.core.StandardService  [0;39m [2m:[0;39m Starting service [Tomcat]
[2m2025-11-24T00:13:51.288+07:00[0;39m [32m INFO[0;39m [35m24330[0;39m [2m---[0;39m [2m[eureka-server] [           main][0;39m [2m[0;39m[36mo.apache.catalina.core.StandardEngine   [0;39m [2m:[0;39m Starting Servlet engine: [Apache Tomcat/10.1.16]
[2m2025-11-24T00:13:51.315+07:00[0;39m [32m INFO[0;39m [35m24330[0;39m [2m---[0;39m [2m[eureka-server] [           main][0;39m [2m[0;39m[36mo.a.c.c.C.[Tomcat].[localhost].[/]      [0;39m [2m:[0;39m Initializing Spring embedded WebApplicationContext
[2m2025-11-24T00:13:51.315+07:00[0;39m [32m INFO[0;39m [35m24330[0;39m [2m---[0;39m [2m[eureka-server] [           main][0;39m [2m[0;39m[36mw.s.c.ServletWebServerApplicationContext[0;39m [2m:[0;39m Root WebApplicationContext: initialization completed in 484 ms
[2m2025-11-24T00:13:52.013+07:00[0;39m [33m WARN[0;39m [35m24330[0;39m [2m---[0;39m [2m[eureka-server] [           main][0;39m [2m[0;39m[36miguration$LoadBalancerCaffeineWarnLogger[0;39m [2m:[0;39m Spring Cloud LoadBalancer is currently working with the default cache. While this cache implementation is useful for development and tests, it's recommended to use Caffeine cache in production.You can switch to using Caffeine cache, by adding it and org.springframework.cache.caffeine.CaffeineCacheManager to the classpath.
[2m2025-11-24T00:13:52.020+07:00[0;39m [32m INFO[0;39m [35m24330[0;39m [2m---[0;39m [2m[eureka-server] [           main][0;39m [2m[0;39m[36mo.s.c.n.eureka.InstanceInfoFactory      [0;39m [2m:[0;39m Setting initial instance status as: STARTING
[2m2025-11-24T00:13:52.159+07:00[0;39m [32m INFO[0;39m [35m24330[0;39m [2m---[0;39m [2m[eureka-server] [           main][0;39m [2m[0;39m[36mo.s.b.a.e.web.EndpointLinksResolver     [0;39m [2m:[0;39m Exposing 3 endpoint(s) beneath base path '/actuator'
[2m2025-11-24T00:13:52.178+07:00[0;39m [32m INFO[0;39m [35m24330[0;39m [2m---[0;39m [2m[eureka-server] [           main][0;39m [2m[0;39m[36mo.s.c.n.e.s.EurekaServiceRegistry       [0;39m [2m:[0;39m Registering application EUREKA-SERVER with eureka with status UP
[2m2025-11-24T00:13:52.182+07:00[0;39m [32m INFO[0;39m [35m24330[0;39m [2m---[0;39m [2m[eureka-server] [       Thread-9][0;39m [2m[0;39m[36mo.s.c.n.e.server.EurekaServerBootstrap  [0;39m [2m:[0;39m isAws returned false
[2m2025-11-24T00:13:52.182+07:00[0;39m [32m INFO[0;39m [35m24330[0;39m [2m---[0;39m [2m[eureka-server] [       Thread-9][0;39m [2m[0;39m[36mo.s.c.n.e.server.EurekaServerBootstrap  [0;39m [2m:[0;39m Initialized server context
[2m2025-11-24T00:13:52.185+07:00[0;39m [32m INFO[0;39m [35m24330[0;39m [2m---[0;39m [2m[eureka-server] [       Thread-9][0;39m [2m[0;39m[36me.s.EurekaServerInitializerConfiguration[0;39m [2m:[0;39m Started Eureka Server
[2m2025-11-24T00:13:52.195+07:00[0;39m [32m INFO[0;39m [35m24330[0;39m [2m---[0;39m [2m[eureka-server] [           main][0;39m [2m[0;39m[36mo.s.b.w.embedded.tomcat.TomcatWebServer [0;39m [2m:[0;39m Tomcat started on port 8761 (http) with context path ''
[2m2025-11-24T00:13:52.195+07:00[0;39m [32m INFO[0;39m [35m24330[0;39m [2m---[0;39m [2m[eureka-server] [           main][0;39m [2m[0;39m[36m.s.c.n.e.s.EurekaAutoServiceRegistration[0;39m [2m:[0;39m Updating port to 8761
[2m2025-11-24T00:13:52.206+07:00[0;39m [32m INFO[0;39m [35m24330[0;39m [2m---[0;39m [2m[eureka-server] [           main][0;39m [2m[0;39m[36mcom.its.eureka.EurekaServerApplication  [0;39m [2m:[0;39m Started EurekaServerApplication in 1.614 seconds (process running for 1.77)
[2m2025-11-24T00:14:25.019+07:00[0;39m [32m INFO[0;39m [35m24330[0;39m [2m---[0;39m [2m[eureka-server] [nio-8761-exec-1][0;39m [2m[0;39m[36mo.a.c.c.C.[Tomcat].[localhost].[/]      [0;39m [2m:[0;39m Initializing Spring DispatcherServlet 'dispatcherServlet'
[2m2025-11-24T00:14:25.020+07:00[0;39m [32m INFO[0;39m [35m24330[0;39m [2m---[0;39m [2m[eureka-server] [nio-8761-exec-1][0;39m [2m[0;39m[36mo.s.web.servlet.DispatcherServlet       [0;39m [2m:[0;39m Initializing Servlet 'dispatcherServlet'
[2m2025-11-24T00:14:25.026+07:00[0;39m [32m INFO[0;39m [35m24330[0;39m [2m---[0;39m [2m[eureka-server] [nio-8761-exec-1][0;39m [2m[0;39m[36mo.s.web.servlet.DispatcherServlet       [0;39m [2m:[0;39m Completed initialization in 6 ms
[2m2025-11-24T00:15:47.407+07:00[0;39m [32m INFO[0;39m [35m24330[0;39m [2m---[0;39m [2m[eureka-server] [ionShutdownHook][0;39m [2m[0;39m[36mo.s.c.n.e.s.EurekaServiceRegistry       [0;39m [2m:[0;39m Unregistering application EUREKA-SERVER with eureka with status DOWN
[2m2025-11-24T00:15:47.413+07:00[0;39m [32m INFO[0;39m [35m24330[0;39m [2m---[0;39m [2m[eureka-server] [ionShutdownHook][0;39m [2m[0;39m[36mo.s.c.n.e.server.EurekaServerBootstrap  [0;39m [2m:[0;39m Shutting down Eureka Server..
[2m2025-11-24T00:15:47.425+07:00[0;39m [32m INFO[0;39m [35m24330[0;39m [2m---[0;39m [2m[eureka-server] [ionShutdownHook][0;39m [2m[0;39m[36mo.s.c.n.e.server.EurekaServerBootstrap  [0;39m [2m:[0;39m Eureka Service is now shutdown...
